********************************************************************************
product = WebSphere Application Server 2017.9.0.1 (wlp-1.0.18.201709251422)
wlp.install.dir = /Users/Hemankita.Perabathini@ibm.com/Downloads/Wfd_MicroProfile1.2/Wfd_Dessert/target/liberty/wlp/
java.home = /Library/Java/JavaVirtualMachines/jdk1.8.0_131.jdk/Contents/Home/jre
java.version = 1.8.0_131
java.runtime = Java(TM) SE Runtime Environment (1.8.0_131-b11)
os = Mac OS X (10.12.6; x86_64) (en_US)
process = 92786@Hemankitas-MacBook-Pro.local
********************************************************************************
[10/18/17 14:30:00:356 CDT] 00000001 com.ibm.ws.kernel.launch.internal.FrameworkManager           A CWWKE0001I: The server defaultServer has been launched.
[10/18/17 14:30:00:368 CDT] 00000001 com.ibm.ws.kernel.launch.internal.FrameworkManager           A CWWKE0104I: This product is a beta and cannot be used in production. The full license terms can be viewed here: https://public.dhe.ibm.com/ibmdl/export/pub/software/websphere/wasdev/license/early_access/ilar/2017.9.0.1/lafiles/en.html
[10/18/17 14:30:01:322 CDT] 00000001 com.ibm.ws.kernel.launch.internal.FrameworkManager           I CWWKE0002I: The kernel started after 6.2 seconds
[10/18/17 14:30:01:409 CDT] 00000019 com.ibm.ws.kernel.feature.internal.FeatureManager            I CWWKF0007I: Feature update started.
[10/18/17 14:30:02:518 CDT] 00000012 com.ibm.ws.security.ready.internal.SecurityReadyServiceImpl  I CWWKS0007I: The security service is starting...
[10/18/17 14:30:03:004 CDT] 00000012 com.ibm.ws.app.manager.internal.monitor.DropinMonitor        A CWWKZ0058I: Monitoring dropins for applications. 
[10/18/17 14:30:03:021 CDT] 0000001f com.ibm.ws.tcpchannel.internal.TCPChannel                    I CWWKO0219I: TCP Channel defaultHttpEndpoint has been started and is now listening for requests on host *  (IPv6) port 9082.
[10/18/17 14:30:03:232 CDT] 00000012 com.ibm.ws.cache.ServerCache                                 I DYNA1001I: WebSphere Dynamic Cache instance named baseCache initialized successfully.
[10/18/17 14:30:03:234 CDT] 00000012 com.ibm.ws.cache.ServerCache                                 I DYNA1071I: The cache provider default is being used.
[10/18/17 14:30:03:235 CDT] 00000012 com.ibm.ws.cache.CacheServiceImpl                            I DYNA1056I: Dynamic Cache (object cache) initialized successfully.
[10/18/17 14:30:03:432 CDT] 00000025 com.ibm.ws.security.token.ltpa.internal.LTPAKeyInfoManager   I CWWKS4103I: Creating the LTPA keys. This may take a few seconds.
[10/18/17 14:30:03:454 CDT] 00000012 ibm.ws.security.authentication.internal.jaas.JAASServiceImpl I CWWKS1123I: The collective authentication plugin with class name NullCollectiveAuthenticationPlugin has been activated. 
[10/18/17 14:30:03:635 CDT] 00000012 com.ibm.ws.security.jwt.internal.ConsumerImpl                I CWWKS6012I: The JSON Web Token (JWT) consumer service is available.
[10/18/17 14:30:03:653 CDT] 00000012 com.ibm.ws.security.jwt.web.JwtEndpointServices              I CWWKS6002I: The JSON Web Token (JWT) endpoint service is available.
[10/18/17 14:30:04:350 CDT] 00000025 com.ibm.ws.security.token.ltpa.internal.LTPAKeyInfoManager   A CWWKS4104A: LTPA keys created in 0.917 seconds. LTPA key file: /Users/Hemankita.Perabathini@ibm.com/Downloads/Wfd_MicroProfile1.2/Wfd_Dessert/target/liberty/wlp/usr/servers/defaultServer/resources/security/ltpa.keys
[10/18/17 14:30:04:354 CDT] 00000025 com.ibm.ws.security.token.ltpa.internal.LTPAKeyCreateTask    I CWWKS4105I: LTPA configuration is ready after 0.927 seconds.
[10/18/17 14:30:08:764 CDT] 00000012 com.ibm.ws.security.mp.jwt.impl.MicroProfileJwtServiceImpl   I CWWKS5500I: The MicroProfile JWT configuration [MicroProfileJwtService] was successfully processed.
[10/18/17 14:30:08:867 CDT] 00000012 com.ibm.ws.session.WASSessionCore                            I SESN8501I: The session manager did not find a persistent storage location; HttpSession objects will be stored in the local application server's memory.
[10/18/17 14:30:09:406 CDT] 00000032 com.ibm.ws.app.manager.AppMessageHelper                      I CWWKZ0018I: Starting application WfdDessert-1.0-SNAPSHOT.
[10/18/17 14:30:09:651 CDT] 0000002a com.ibm.ws.webcontainer.osgi.webapp.WebGroup                 I SRVE0169I: Loading Web Module: health.
[10/18/17 14:30:09:656 CDT] 0000002a com.ibm.ws.webcontainer                                      I SRVE0250I: Web Module health has been bound to default_host.
[10/18/17 14:30:09:653 CDT] 00000029 com.ibm.ws.webcontainer.osgi.webapp.WebGroup                 I SRVE0169I: Loading Web Module: MicroProfileMetrics.
[10/18/17 14:30:09:651 CDT] 00000027 com.ibm.ws.webcontainer.osgi.webapp.WebGroup                 I SRVE0169I: Loading Web Module: ibm/api.
[10/18/17 14:30:09:657 CDT] 00000027 com.ibm.ws.webcontainer                                      I SRVE0250I: Web Module ibm/api has been bound to default_host.
[10/18/17 14:30:09:657 CDT] 00000029 com.ibm.ws.webcontainer                                      I SRVE0250I: Web Module MicroProfileMetrics has been bound to default_host.
[10/18/17 14:30:09:657 CDT] 0000002a com.ibm.ws.http.internal.VirtualHostImpl                     A CWWKT0016I: Web application available (default_host): http://192.168.0.8:9082/health/
[10/18/17 14:30:09:664 CDT] 00000029 com.ibm.ws.http.internal.VirtualHostImpl                     A CWWKT0016I: Web application available (default_host): http://192.168.0.8:9082/metrics/
[10/18/17 14:30:09:665 CDT] 00000027 com.ibm.ws.http.internal.VirtualHostImpl                     A CWWKT0016I: Web application available (default_host): http://192.168.0.8:9082/ibm/api/
[10/18/17 14:30:09:676 CDT] 00000024 com.ibm.ws.webcontainer.osgi.webapp.WebGroup                 I SRVE0169I: Loading Web Module: com.ibm.ws.security.jwt.
[10/18/17 14:30:09:677 CDT] 00000024 com.ibm.ws.webcontainer                                      I SRVE0250I: Web Module com.ibm.ws.security.jwt has been bound to default_host.
[10/18/17 14:30:09:677 CDT] 00000024 com.ibm.ws.http.internal.VirtualHostImpl                     A CWWKT0016I: Web application available (default_host): http://192.168.0.8:9082/jwt/
[10/18/17 14:30:09:718 CDT] 0000002c com.ibm.ws.session.WASSessionCore                            I SESN0176I: A new session context will be created for application key default_host/health
[10/18/17 14:30:09:718 CDT] 0000002e com.ibm.ws.session.WASSessionCore                            I SESN0176I: A new session context will be created for application key default_host/metrics
[10/18/17 14:30:09:719 CDT] 00000025 com.ibm.ws.session.WASSessionCore                            I SESN0176I: A new session context will be created for application key default_host/ibm/api
[10/18/17 14:30:09:719 CDT] 0000002f com.ibm.ws.session.WASSessionCore                            I SESN0176I: A new session context will be created for application key default_host/jwt
[10/18/17 14:30:09:733 CDT] 00000032 org.jboss.weld.Version                                       I WELD-000900: 2.4.3 (Final)
[10/18/17 14:30:09:737 CDT] 0000002c com.ibm.ws.util                                              I SESN0172I: The session manager is using the Java default SecureRandom implementation for session ID generation.
[10/18/17 14:30:09:750 CDT] 0000002f com.ibm.ws.util                                              I SESN0172I: The session manager is using the Java default SecureRandom implementation for session ID generation.
[10/18/17 14:30:09:751 CDT] 00000025 com.ibm.ws.util                                              I SESN0172I: The session manager is using the Java default SecureRandom implementation for session ID generation.
[10/18/17 14:30:09:751 CDT] 0000002e com.ibm.ws.util                                              I SESN0172I: The session manager is using the Java default SecureRandom implementation for session ID generation.
[10/18/17 14:30:09:767 CDT] 0000002f com.ibm.ws.cache.CacheServiceImpl                            I DYNA1056I: Dynamic Cache (object cache) initialized successfully.
[10/18/17 14:30:09:821 CDT] 0000002e com.ibm.ws.webcontainer.servlet                              I SRVE0242I: [com.ibm.ws.microprofile.metrics] [/metrics] [MetricsRESTProxyServlet]: Initialization successful.
[10/18/17 14:30:09:931 CDT] 00000032 com.ibm.ws.webcontainer.osgi.webapp.WebGroup                 I SRVE0169I: Loading Web Module: WfdDessert.
[10/18/17 14:30:09:931 CDT] 00000032 com.ibm.ws.webcontainer                                      I SRVE0250I: Web Module WfdDessert has been bound to default_host.
[10/18/17 14:30:09:931 CDT] 00000032 com.ibm.ws.http.internal.VirtualHostImpl                     A CWWKT0016I: Web application available (default_host): http://192.168.0.8:9082/WfdDessert/
[10/18/17 14:30:09:933 CDT] 00000032 com.ibm.ws.app.manager.AppMessageHelper                      A CWWKZ0001I: Application WfdDessert-1.0-SNAPSHOT started in 0.527 seconds.
[10/18/17 14:30:09:956 CDT] 00000023 com.ibm.ws.session.WASSessionCore                            I SESN0176I: A new session context will be created for application key default_host/WfdDessert
[10/18/17 14:30:09:957 CDT] 00000023 com.ibm.ws.util                                              I SESN0172I: The session manager is using the Java default SecureRandom implementation for session ID generation.
[10/18/17 14:30:09:958 CDT] 00000019 com.ibm.ws.kernel.feature.internal.FeatureManager            A CWWKF0012I: The server installed the following features: [microProfile-1.2, mpFaultTolerance-1.0, servlet-3.1, ssl-1.0, jndi-1.0, mpHealth-1.0, jsonp-1.0, appSecurity-2.0, mpConfig-1.1, jaxrs-2.0, jaxrsClient-2.0, concurrent-1.0, jwt-1.0, mpMetrics-1.0, mpJwt-1.0, json-1.0, cdi-1.2, distributedMap-1.0].
[10/18/17 14:30:09:959 CDT] 00000019 com.ibm.ws.kernel.feature.internal.FeatureManager            I CWWKF0008I: Feature update completed in 8.639 seconds.
[10/18/17 14:30:09:959 CDT] 00000019 com.ibm.ws.kernel.feature.internal.FeatureManager            A CWWKF0011I: The server defaultServer is ready to run a smarter planet.
[10/18/17 14:30:10:115 CDT] 0000001f com.ibm.ws.webcontainer.osgi.mbeans.PluginGenerator          I SRVE9103I: A configuration file for a web server plugin was automatically generated for this server at /Users/Hemankita.Perabathini@ibm.com/Downloads/Wfd_MicroProfile1.2/Wfd_Dessert/target/liberty/wlp/usr/servers/defaultServer/logs/state/plugin-cfg.xml.
[10/18/17 14:30:11:165 CDT] 00000025 b54[com.ibm.ws.jaxrs.2.0.common:1.0.18.201709251446(id=173)] I Setting the server's publish address to be /rest/
[10/18/17 14:30:11:363 CDT] 00000025 com.ibm.ws.webcontainer.servlet                              I SRVE0242I: [WfdDessert-1.0-SNAPSHOT] [/WfdDessert] [application.rest.DessertApplication]: Initialization successful.
[10/18/17 14:30:11:705 CDT] 0000000f com.ibm.ws.kernel.launch.internal.ServerCommandListener      A CWWKE0055I: Server shutdown requested on Wednesday, October 18, 2017 at 2:30 PM. The server defaultServer is shutting down.
[10/18/17 14:30:11:708 CDT] 00000035 com.ibm.ws.runtime.update.internal.RuntimeUpdateManagerImpl  A CWWKE1100I: Waiting for up to 30 seconds for the server to quiesce.
[10/18/17 14:30:11:712 CDT] 00000036 com.ibm.ws.tcpchannel.internal.TCPChannel                    I CWWKO0220I: TCP Channel defaultHttpEndpoint has stopped listening for requests on host *  (IPv6) port 9082.
[10/18/17 14:30:11:713 CDT] 00000036 com.ibm.ws.http.internal.VirtualHostImpl                     A CWWKT0017I: Web application removed (default_host): http://192.168.0.8:9082/jwt/
[10/18/17 14:30:11:713 CDT] 00000036 com.ibm.ws.http.internal.VirtualHostImpl                     A CWWKT0017I: Web application removed (default_host): http://192.168.0.8:9082/WfdDessert/
[10/18/17 14:30:11:713 CDT] 00000036 com.ibm.ws.http.internal.VirtualHostImpl                     A CWWKT0017I: Web application removed (default_host): http://192.168.0.8:9082/health/
[10/18/17 14:30:11:713 CDT] 00000036 com.ibm.ws.http.internal.VirtualHostImpl                     A CWWKT0017I: Web application removed (default_host): http://192.168.0.8:9082/metrics/
[10/18/17 14:30:11:713 CDT] 00000036 com.ibm.ws.http.internal.VirtualHostImpl                     A CWWKT0017I: Web application removed (default_host): http://192.168.0.8:9082/ibm/api/
[10/18/17 14:30:11:716 CDT] 00000035 com.ibm.ws.runtime.update.internal.RuntimeUpdateManagerImpl  I CWWKE1101I: Server quiesce complete.
[10/18/17 14:30:11:736 CDT] 0000002b com.ibm.ws.webcontainer.servlet                              I SRVE0253I: [WfdDessert-1.0-SNAPSHOT] [/WfdDessert] [application.rest.DessertApplication]: Destroy successful.
[10/18/17 14:30:11:743 CDT] 0000002b com.ibm.ws.app.manager.AppMessageHelper                      A CWWKZ0009I: The application WfdDessert-1.0-SNAPSHOT has stopped successfully.
[10/18/17 14:30:11:778 CDT] 00000035 com.ibm.ws.webcontainer.servlet                              I SRVE0253I: [com.ibm.ws.microprofile.metrics] [/metrics] [MetricsRESTProxyServlet]: Destroy successful.
[10/18/17 14:30:11:818 CDT] 00000035 com.ibm.ws.security.mp.jwt.impl.MicroProfileJwtServiceImpl   I CWWKS5502I: The MicroProfile JWT configuration [MicroProfileJwtService] was successfully deactivated.
[10/18/17 14:30:11:931 CDT] 00000035 com.ibm.ws.security.ready.internal.SecurityReadyServiceImpl  I CWWKS0009I: The security service has stopped.
[10/18/17 14:30:11:941 CDT] 00000035 ibm.ws.security.authentication.internal.jaas.JAASServiceImpl I CWWKS1124I: The collective authentication plugin with class name NullCollectiveAuthenticationPlugin has been deactivated. 
[10/18/17 14:30:12:174 CDT] 00000001 com.ibm.ws.kernel.launch.internal.FrameworkManager           A CWWKE0036I: The server defaultServer stopped after 17.052 seconds.
